<?xml version="1.0" encoding="UTF-8"?>
<!-- Generated by org.testng.reporters.JUnitReportReporter -->
<testsuite hostname="DESKTOP-NRK3HFJ" failures="0" tests="3" name="testNG.OsnoveTestNG" time="0.010" errors="0" timestamp="2021-05-31T18:53:17 CEST" skipped="0">
  <testcase classname="testNG.OsnoveTestNG" name="test3" time="0.006"/>
  <system-out/>
  <testcase classname="testNG.OsnoveTestNG" name="test2" time="0.002"/>
  <system-out/>
  <testcase classname="testNG.OsnoveTestNG" name="test1" time="0.002"/>
  <system-out/>
</testsuite> <!-- testNG.OsnoveTestNG -->
