<?xml version="1.0" encoding="UTF-8"?>
<!-- Generated by org.testng.reporters.JUnitReportReporter -->
<testsuite hostname="DESKTOP-NRK3HFJ" failures="0" tests="5" name="testNG.zdatak1" time="20.766" errors="0" timestamp="2021-06-03T00:31:49 CEST" skipped="0">
  <testcase classname="testNG.zdatak1" name="LogovanjeSaDobrimKredencijalima" time="3.451"/>
  <system-out/>
  <testcase classname="testNG.zdatak1" name="LogovanjeSaPogresnimUsername" time="5.344"/>
  <system-out/>
  <testcase classname="testNG.zdatak1" name="LogovanjeSaPogresnimPassword" time="3.465"/>
  <system-out/>
  <testcase classname="testNG.zdatak1" name="LogovanjeBezKredencijala" time="3.076"/>
  <system-out/>
  <testcase classname="testNG.zdatak1" name="logout" time="5.430"/>
  <system-out/>
</testsuite> <!-- testNG.zdatak1 -->
