<?xml version="1.0" encoding="UTF-8"?>
<!-- Generated by org.testng.reporters.JUnitReportReporter -->
<testsuite hostname="DESKTOP-NRK3HFJ" failures="0" tests="4" name="tests.LogInTests" time="24.234" errors="0" timestamp="2021-06-07T15:08:22 CEST" skipped="0">
  <testcase classname="tests.LogInTests" name="logInValidCredentials" time="7.863"/>
  <system-out/>
  <testcase classname="tests.LogInTests" name="logInWrongCredentials" time="4.651"/>
  <system-out/>
  <testcase classname="tests.LogInTests" name="logInEmptyCredentials" time="4.607"/>
  <system-out/>
  <testcase classname="tests.LogInTests" name="logOut" time="7.113"/>
  <system-out/>
</testsuite> <!-- tests.LogInTests -->
